<?xml version="1.0" encoding="UTF-8"?>
<!-- Generated by org.testng.reporters.JUnitReportReporter -->
<testsuite hostname="DESKTOP-PKQPSVO" failures="0" tests="2" name="qaclickacademy.AppiumTest" time="0.003" errors="0" timestamp="2021-12-16T07:57:38 EST" skipped="0">
  <testcase classname="qaclickacademy.AppiumTest" name="AndroidApps" time="0.003"/>
  <system-out/>
  <testcase classname="qaclickacademy.AppiumTest" name="IOSApps" time="0.000"/>
  <system-out/>
</testsuite> <!-- qaclickacademy.AppiumTest -->
