<?xml version="1.0" encoding="UTF-8"?>
<!-- Generated by org.testng.reporters.JUnitReportReporter -->
<testsuite hostname="DESKTOP-PKQPSVO" failures="0" tests="2" name="qaclickacademy.REST_API_Test" time="0.001" errors="0" timestamp="2021-12-16T07:57:38 EST" skipped="0">
  <testcase classname="qaclickacademy.REST_API_Test" name="deleteTwitter" time="0.001"/>
  <system-out/>
  <testcase classname="qaclickacademy.REST_API_Test" name="postJira" time="0.000"/>
  <system-out/>
</testsuite> <!-- qaclickacademy.REST_API_Test -->
